2023-06-16 12:25:54,006 INFO  [stdout] (default task-2) body: null
2023-06-16 12:25:54,013 INFO  [stdout] (default task-2) body: {"id":0,"email":"student1@gmail.com","password":"student1","userType":null,"lessonId":null,"name":null,"interests":null}
2023-06-16 12:25:54,564 INFO  [stdout] (default task-2) response (POST http://localhost:8082/application_user/get/usingEmail/student1@gmail.com/verifyPassword/spi) 200
2023-06-16 12:25:54,564 INFO  [stdout] (default task-2) response.body() true
2023-06-16 12:25:54,565 INFO  [stdout] (default task-2) response.statusCode() 200
2023-06-16 12:25:54,565 INFO  [stdout] (default task-2) result: com.appsdeveloperblog.keycloak.VerifyPasswordResponse@6d4d539b
2023-06-16 12:30:22,590 WARN  [org.keycloak.events] (default task-2) type=LOGIN_ERROR, realmId=master, clientId=null, userId=null, ipAddress=127.0.0.1, error=expired_code, restart_after_timeout=true, authSessionParentId=8a3b6656-a995-45e9-897d-762fe1fa764a, authSessionTabId=lt90o1GkaVw
2023-06-16 12:31:01,199 INFO  [stdout] (default task-8) body: null
2023-06-16 12:31:01,201 INFO  [stdout] (default task-8) body: {"id":0,"email":"student1@gmail.com","password":"student1","userType":null,"lessonId":null,"name":null,"interests":null}
2023-06-16 12:31:01,555 INFO  [stdout] (default task-8) response (POST http://localhost:8082/application_user/get/usingEmail/student1@gmail.com/verifyPassword/spi) 200
2023-06-16 12:31:01,558 INFO  [stdout] (default task-8) response.body() true
2023-06-16 12:31:01,558 INFO  [stdout] (default task-8) response.statusCode() 200
2023-06-16 12:31:01,560 INFO  [stdout] (default task-8) result: com.appsdeveloperblog.keycloak.VerifyPasswordResponse@2c8e0f9e
2023-06-16 12:33:55,007 INFO  [stdout] (default task-2) body: null
2023-06-16 12:33:55,009 INFO  [stdout] (default task-2) body: {"id":0,"email":"student1@gmail.com","password":"student1","userType":null,"lessonId":null,"name":null,"interests":null}
2023-06-16 12:33:55,290 INFO  [stdout] (default task-2) response (POST http://localhost:8082/application_user/get/usingEmail/student1@gmail.com/verifyPassword/spi) 200
2023-06-16 12:33:55,290 INFO  [stdout] (default task-2) response.body() true
2023-06-16 12:33:55,290 INFO  [stdout] (default task-2) response.statusCode() 200
2023-06-16 12:33:55,291 INFO  [stdout] (default task-2) result: com.appsdeveloperblog.keycloak.VerifyPasswordResponse@c2e04a7
2023-06-16 12:36:42,687 INFO  [stdout] (default task-8) body: null
2023-06-16 12:36:42,689 INFO  [stdout] (default task-8) body: {"id":0,"email":"student1@gmail.com","password":"student1","userType":null,"lessonId":null,"name":null,"interests":null}
2023-06-16 12:36:43,028 INFO  [stdout] (default task-8) response (POST http://localhost:8082/application_user/get/usingEmail/student1@gmail.com/verifyPassword/spi) 200
2023-06-16 12:36:43,029 INFO  [stdout] (default task-8) response.body() true
2023-06-16 12:36:43,030 INFO  [stdout] (default task-8) response.statusCode() 200
2023-06-16 12:36:43,030 INFO  [stdout] (default task-8) result: com.appsdeveloperblog.keycloak.VerifyPasswordResponse@1bbfb08e
2023-06-16 12:43:47,278 INFO  [stdout] (default task-8) body: null
2023-06-16 12:43:47,279 INFO  [stdout] (default task-8) body: {"id":0,"email":"student1@gmail.com","password":"student1","userType":null,"lessonId":null,"name":null,"interests":null}
2023-06-16 12:43:47,573 INFO  [stdout] (default task-8) response (POST http://localhost:8082/application_user/get/usingEmail/student1@gmail.com/verifyPassword/spi) 200
2023-06-16 12:43:47,575 INFO  [stdout] (default task-8) response.body() true
2023-06-16 12:43:47,575 INFO  [stdout] (default task-8) response.statusCode() 200
2023-06-16 12:43:47,576 INFO  [stdout] (default task-8) result: com.appsdeveloperblog.keycloak.VerifyPasswordResponse@404eb8c9
2023-06-16 12:46:15,727 INFO  [stdout] (default task-8) body: null
2023-06-16 12:46:15,728 INFO  [stdout] (default task-8) body: {"id":0,"email":"student1@gmail.com","password":"student1","userType":null,"lessonId":null,"name":null,"interests":null}
2023-06-16 12:46:16,005 INFO  [stdout] (default task-8) response (POST http://localhost:8082/application_user/get/usingEmail/student1@gmail.com/verifyPassword/spi) 200
2023-06-16 12:46:16,005 INFO  [stdout] (default task-8) response.body() true
2023-06-16 12:46:16,006 INFO  [stdout] (default task-8) response.statusCode() 200
2023-06-16 12:46:16,006 INFO  [stdout] (default task-8) result: com.appsdeveloperblog.keycloak.VerifyPasswordResponse@9c1b914
2023-06-16 13:05:45,199 WARN  [org.keycloak.events] (default task-8) type=REFRESH_TOKEN_ERROR, realmId=master, clientId=security-admin-console, userId=null, ipAddress=127.0.0.1, error=invalid_token, grant_type=refresh_token, client_auth_method=client-secret
2023-06-16 13:57:20,309 WARN  [org.keycloak.events] (default task-9) type=REFRESH_TOKEN_ERROR, realmId=master, clientId=security-admin-console, userId=null, ipAddress=127.0.0.1, error=invalid_token, grant_type=refresh_token, client_auth_method=client-secret
2023-06-16 13:57:57,537 WARN  [org.keycloak.events] (default task-9) type=LOGIN_ERROR, realmId=mooc-app, clientId=mooc-app-PKCE-client, userId=null, ipAddress=127.0.0.1, error=not_allowed, auth_method=oauth_credentials, grant_type=password, client_auth_method=client-secret
2023-06-16 13:58:05,910 INFO  [stdout] (default task-2) body: null
2023-06-16 13:58:05,912 INFO  [stdout] (default task-2) body: {"id":0,"email":"student1@gmail.com","password":"student1","userType":null,"lessonId":null,"name":null,"interests":null}
2023-06-16 13:58:05,956 INFO  [stdout] (default task-2) response (POST http://localhost:8082/application_user/get/usingEmail/student1@gmail.com/verifyPassword/spi) 200
2023-06-16 13:58:05,957 INFO  [stdout] (default task-2) response.body() true
2023-06-16 13:58:05,957 INFO  [stdout] (default task-2) response.statusCode() 200
2023-06-16 13:58:05,958 INFO  [stdout] (default task-2) result: com.appsdeveloperblog.keycloak.VerifyPasswordResponse@1293870d
2023-06-16 14:00:29,648 INFO  [stdout] (default task-2) body: null
2023-06-16 14:00:29,649 INFO  [stdout] (default task-2) body: {"id":0,"email":"student1@gmail.com","password":"student1","userType":null,"lessonId":null,"name":null,"interests":null}
2023-06-16 14:00:29,681 INFO  [stdout] (default task-2) response (POST http://localhost:8082/application_user/get/usingEmail/student1@gmail.com/verifyPassword/spi) 200
2023-06-16 14:00:29,682 INFO  [stdout] (default task-2) response.body() true
2023-06-16 14:00:29,682 INFO  [stdout] (default task-2) response.statusCode() 200
2023-06-16 14:00:29,683 INFO  [stdout] (default task-2) result: com.appsdeveloperblog.keycloak.VerifyPasswordResponse@2d038e4e
2023-06-16 15:59:53,947 WARN  [org.keycloak.events] (default task-2) type=REFRESH_TOKEN_ERROR, realmId=master, clientId=security-admin-console, userId=null, ipAddress=127.0.0.1, error=invalid_token, grant_type=refresh_token, client_auth_method=client-secret
2023-06-16 16:00:22,960 INFO  [stdout] (default task-9) response (GET http://localhost:8082/application_user/get/usingEmail/spi/jinadmin) 200
2023-06-16 16:00:22,961 INFO  [stdout] (default task-9) response.body() 
2023-06-16 16:00:22,961 INFO  [stdout] (default task-9) response.statusCode() 200
2023-06-16 16:00:22,962 ERROR [stderr] (default task-9) com.fasterxml.jackson.databind.exc.MismatchedInputException: No content to map due to end-of-input
2023-06-16 16:00:22,963 ERROR [stderr] (default task-9)  at [Source: (String)""; line: 1, column: 0]
2023-06-16 16:00:22,963 ERROR [stderr] (default task-9) 	at com.fasterxml.jackson.core.jackson-databind@2.10.5//com.fasterxml.jackson.databind.exc.MismatchedInputException.from(MismatchedInputException.java:59)
2023-06-16 16:00:22,965 ERROR [stderr] (default task-9) 	at com.fasterxml.jackson.core.jackson-databind@2.10.5//com.fasterxml.jackson.databind.ObjectMapper._initForReading(ObjectMapper.java:4360)
2023-06-16 16:00:22,965 ERROR [stderr] (default task-9) 	at com.fasterxml.jackson.core.jackson-databind@2.10.5//com.fasterxml.jackson.databind.ObjectMapper._readMapAndClose(ObjectMapper.java:4205)
2023-06-16 16:00:22,966 ERROR [stderr] (default task-9) 	at com.fasterxml.jackson.core.jackson-databind@2.10.5//com.fasterxml.jackson.databind.ObjectMapper.readValue(ObjectMapper.java:3214)
2023-06-16 16:00:22,966 ERROR [stderr] (default task-9) 	at com.fasterxml.jackson.core.jackson-databind@2.10.5//com.fasterxml.jackson.databind.ObjectMapper.readValue(ObjectMapper.java:3182)
2023-06-16 16:00:22,967 ERROR [stderr] (default task-9) 	at deployment.sql-remote-user-storage-provider.jar//com.appsdeveloperblog.keycloak.RemoteUserStorageProvider.getUserByUsername(RemoteUserStorageProvider.java:80)
2023-06-16 16:00:22,967 ERROR [stderr] (default task-9) 	at org.keycloak.keycloak-services@12.0.0//org.keycloak.storage.UserStorageManager.lambda$getUserByUsername$6(UserStorageManager.java:256)
2023-06-16 16:00:22,968 ERROR [stderr] (default task-9) 	at org.keycloak.keycloak-services@12.0.0//org.keycloak.utils.ServicesUtils.lambda$timeBoundOne$1(ServicesUtils.java:83)
2023-06-16 16:00:22,968 ERROR [stderr] (default task-9) 	at java.base/java.util.stream.ReferencePipeline$3$1.accept(ReferencePipeline.java:195)
2023-06-16 16:00:22,968 ERROR [stderr] (default task-9) 	at java.base/java.util.stream.ReferencePipeline$2$1.accept(ReferencePipeline.java:177)
2023-06-16 16:00:22,969 ERROR [stderr] (default task-9) 	at java.base/java.util.stream.ReferencePipeline$3$1.accept(ReferencePipeline.java:195)
2023-06-16 16:00:22,969 ERROR [stderr] (default task-9) 	at java.base/java.util.stream.SortedOps$RefSortingSink.end(SortedOps.java:400)
2023-06-16 16:00:22,970 ERROR [stderr] (default task-9) 	at java.base/java.util.stream.Sink$ChainedReference.end(Sink.java:258)
2023-06-16 16:00:22,970 ERROR [stderr] (default task-9) 	at java.base/java.util.stream.Sink$ChainedReference.end(Sink.java:258)
2023-06-16 16:00:22,971 ERROR [stderr] (default task-9) 	at java.base/java.util.stream.AbstractPipeline.copyIntoWithCancel(AbstractPipeline.java:503)
2023-06-16 16:00:22,971 ERROR [stderr] (default task-9) 	at java.base/java.util.stream.AbstractPipeline.copyInto(AbstractPipeline.java:488)
2023-06-16 16:00:22,971 ERROR [stderr] (default task-9) 	at java.base/java.util.stream.AbstractPipeline.wrapAndCopyInto(AbstractPipeline.java:474)
2023-06-16 16:00:22,972 ERROR [stderr] (default task-9) 	at java.base/java.util.stream.FindOps$FindOp.evaluateSequential(FindOps.java:150)
2023-06-16 16:00:22,972 ERROR [stderr] (default task-9) 	at java.base/java.util.stream.AbstractPipeline.evaluate(AbstractPipeline.java:234)
2023-06-16 16:00:22,973 ERROR [stderr] (default task-9) 	at java.base/java.util.stream.ReferencePipeline.findFirst(ReferencePipeline.java:543)
2023-06-16 16:00:22,973 ERROR [stderr] (default task-9) 	at org.keycloak.keycloak-services@12.0.0//org.keycloak.storage.UserStorageManager.getUserByUsername(UserStorageManager.java:256)
2023-06-16 16:00:22,973 ERROR [stderr] (default task-9) 	at org.keycloak.keycloak-model-infinispan@12.0.0//org.keycloak.models.cache.infinispan.UserCacheSession.getUserByUsername(UserCacheSession.java:259)
2023-06-16 16:00:22,974 ERROR [stderr] (default task-9) 	at org.keycloak.keycloak-server-spi-private@12.0.0//org.keycloak.models.utils.KeycloakModelUtils.findUserByNameOrEmail(KeycloakModelUtils.java:214)
2023-06-16 16:00:22,974 ERROR [stderr] (default task-9) 	at org.keycloak.keycloak-services@12.0.0//org.keycloak.authentication.authenticators.browser.AbstractUsernameFormAuthenticator.getUser(AbstractUsernameFormAuthenticator.java:173)
2023-06-16 16:00:22,975 ERROR [stderr] (default task-9) 	at org.keycloak.keycloak-services@12.0.0//org.keycloak.authentication.authenticators.browser.AbstractUsernameFormAuthenticator.validateUserAndPassword(AbstractUsernameFormAuthenticator.java:146)
2023-06-16 16:00:22,975 ERROR [stderr] (default task-9) 	at org.keycloak.keycloak-services@12.0.0//org.keycloak.authentication.authenticators.browser.UsernamePasswordForm.validateForm(UsernamePasswordForm.java:55)
2023-06-16 16:00:22,975 ERROR [stderr] (default task-9) 	at org.keycloak.keycloak-services@12.0.0//org.keycloak.authentication.authenticators.browser.UsernamePasswordForm.action(UsernamePasswordForm.java:48)
2023-06-16 16:00:22,976 ERROR [stderr] (default task-9) 	at org.keycloak.keycloak-services@12.0.0//org.keycloak.authentication.DefaultAuthenticationFlow.processAction(DefaultAuthenticationFlow.java:161)
2023-06-16 16:00:22,976 ERROR [stderr] (default task-9) 	at org.keycloak.keycloak-services@12.0.0//org.keycloak.authentication.AuthenticationProcessor.authenticationAction(AuthenticationProcessor.java:937)
2023-06-16 16:00:22,977 ERROR [stderr] (default task-9) 	at org.keycloak.keycloak-services@12.0.0//org.keycloak.services.resources.LoginActionsService.processFlow(LoginActionsService.java:311)
2023-06-16 16:00:22,977 ERROR [stderr] (default task-9) 	at org.keycloak.keycloak-services@12.0.0//org.keycloak.services.resources.LoginActionsService.processAuthentication(LoginActionsService.java:282)
2023-06-16 16:00:22,978 ERROR [stderr] (default task-9) 	at org.keycloak.keycloak-services@12.0.0//org.keycloak.services.resources.LoginActionsService.authenticate(LoginActionsService.java:266)
2023-06-16 16:00:22,978 ERROR [stderr] (default task-9) 	at org.keycloak.keycloak-services@12.0.0//org.keycloak.services.resources.LoginActionsService.authenticateForm(LoginActionsService.java:339)
2023-06-16 16:00:22,979 ERROR [stderr] (default task-9) 	at jdk.internal.reflect.GeneratedMethodAccessor446.invoke(Unknown Source)
2023-06-16 16:00:22,979 ERROR [stderr] (default task-9) 	at java.base/jdk.internal.reflect.DelegatingMethodAccessorImpl.invoke(DelegatingMethodAccessorImpl.java:43)
2023-06-16 16:00:22,980 ERROR [stderr] (default task-9) 	at java.base/java.lang.reflect.Method.invoke(Method.java:566)
2023-06-16 16:00:22,980 ERROR [stderr] (default task-9) 	at org.jboss.resteasy.resteasy-jaxrs@3.13.2.Final//org.jboss.resteasy.core.MethodInjectorImpl.invoke(MethodInjectorImpl.java:138)
2023-06-16 16:00:22,981 ERROR [stderr] (default task-9) 	at org.jboss.resteasy.resteasy-jaxrs@3.13.2.Final//org.jboss.resteasy.core.ResourceMethodInvoker.internalInvokeOnTarget(ResourceMethodInvoker.java:543)
2023-06-16 16:00:22,981 ERROR [stderr] (default task-9) 	at org.jboss.resteasy.resteasy-jaxrs@3.13.2.Final//org.jboss.resteasy.core.ResourceMethodInvoker.invokeOnTargetAfterFilter(ResourceMethodInvoker.java:432)
2023-06-16 16:00:22,981 ERROR [stderr] (default task-9) 	at org.jboss.resteasy.resteasy-jaxrs@3.13.2.Final//org.jboss.resteasy.core.ResourceMethodInvoker.lambda$invokeOnTarget$0(ResourceMethodInvoker.java:393)
2023-06-16 16:00:22,982 ERROR [stderr] (default task-9) 	at org.jboss.resteasy.resteasy-jaxrs@3.13.2.Final//org.jboss.resteasy.core.interception.PreMatchContainerRequestContext.filter(PreMatchContainerRequestContext.java:358)
2023-06-16 16:00:22,982 ERROR [stderr] (default task-9) 	at org.jboss.resteasy.resteasy-jaxrs@3.13.2.Final//org.jboss.resteasy.core.ResourceMethodInvoker.invokeOnTarget(ResourceMethodInvoker.java:395)
2023-06-16 16:00:22,983 ERROR [stderr] (default task-9) 	at org.jboss.resteasy.resteasy-jaxrs@3.13.2.Final//org.jboss.resteasy.core.ResourceMethodInvoker.invoke(ResourceMethodInvoker.java:364)
2023-06-16 16:00:22,983 ERROR [stderr] (default task-9) 	at org.jboss.resteasy.resteasy-jaxrs@3.13.2.Final//org.jboss.resteasy.core.ResourceLocatorInvoker.invokeOnTargetObject(ResourceLocatorInvoker.java:150)
2023-06-16 16:00:22,983 ERROR [stderr] (default task-9) 	at org.jboss.resteasy.resteasy-jaxrs@3.13.2.Final//org.jboss.resteasy.core.ResourceLocatorInvoker.invoke(ResourceLocatorInvoker.java:104)
2023-06-16 16:00:22,984 ERROR [stderr] (default task-9) 	at org.jboss.resteasy.resteasy-jaxrs@3.13.2.Final//org.jboss.resteasy.core.SynchronousDispatcher.invoke(SynchronousDispatcher.java:440)
2023-06-16 16:00:22,984 ERROR [stderr] (default task-9) 	at org.jboss.resteasy.resteasy-jaxrs@3.13.2.Final//org.jboss.resteasy.core.SynchronousDispatcher.lambda$invoke$4(SynchronousDispatcher.java:229)
2023-06-16 16:00:22,985 ERROR [stderr] (default task-9) 	at org.jboss.resteasy.resteasy-jaxrs@3.13.2.Final//org.jboss.resteasy.core.SynchronousDispatcher.lambda$preprocess$0(SynchronousDispatcher.java:135)
2023-06-16 16:00:22,985 ERROR [stderr] (default task-9) 	at org.jboss.resteasy.resteasy-jaxrs@3.13.2.Final//org.jboss.resteasy.core.interception.PreMatchContainerRequestContext.filter(PreMatchContainerRequestContext.java:358)
2023-06-16 16:00:22,986 ERROR [stderr] (default task-9) 	at org.jboss.resteasy.resteasy-jaxrs@3.13.2.Final//org.jboss.resteasy.core.SynchronousDispatcher.preprocess(SynchronousDispatcher.java:138)
2023-06-16 16:00:22,986 ERROR [stderr] (default task-9) 	at org.jboss.resteasy.resteasy-jaxrs@3.13.2.Final//org.jboss.resteasy.core.SynchronousDispatcher.invoke(SynchronousDispatcher.java:215)
2023-06-16 16:00:22,986 ERROR [stderr] (default task-9) 	at org.jboss.resteasy.resteasy-jaxrs@3.13.2.Final//org.jboss.resteasy.plugins.server.servlet.ServletContainerDispatcher.service(ServletContainerDispatcher.java:245)
2023-06-16 16:00:22,987 ERROR [stderr] (default task-9) 	at org.jboss.resteasy.resteasy-jaxrs@3.13.2.Final//org.jboss.resteasy.plugins.server.servlet.HttpServletDispatcher.service(HttpServletDispatcher.java:61)
2023-06-16 16:00:22,987 ERROR [stderr] (default task-9) 	at org.jboss.resteasy.resteasy-jaxrs@3.13.2.Final//org.jboss.resteasy.plugins.server.servlet.HttpServletDispatcher.service(HttpServletDispatcher.java:56)
2023-06-16 16:00:22,987 ERROR [stderr] (default task-9) 	at javax.servlet.api@2.0.0.Final//javax.servlet.http.HttpServlet.service(HttpServlet.java:590)
2023-06-16 16:00:22,988 ERROR [stderr] (default task-9) 	at io.undertow.servlet@2.2.2.Final//io.undertow.servlet.handlers.ServletHandler.handleRequest(ServletHandler.java:74)
2023-06-16 16:00:22,988 ERROR [stderr] (default task-9) 	at io.undertow.servlet@2.2.2.Final//io.undertow.servlet.handlers.FilterHandler$FilterChainImpl.doFilter(FilterHandler.java:129)
2023-06-16 16:00:22,989 ERROR [stderr] (default task-9) 	at org.keycloak.keycloak-wildfly-extensions@12.0.0//org.keycloak.provider.wildfly.WildFlyRequestFilter.lambda$doFilter$0(WildFlyRequestFilter.java:41)
2023-06-16 16:00:22,990 ERROR [stderr] (default task-9) 	at org.keycloak.keycloak-services@12.0.0//org.keycloak.services.filters.AbstractRequestFilter.filter(AbstractRequestFilter.java:43)
2023-06-16 16:00:22,990 ERROR [stderr] (default task-9) 	at org.keycloak.keycloak-wildfly-extensions@12.0.0//org.keycloak.provider.wildfly.WildFlyRequestFilter.doFilter(WildFlyRequestFilter.java:39)
2023-06-16 16:00:22,991 ERROR [stderr] (default task-9) 	at io.undertow.servlet@2.2.2.Final//io.undertow.servlet.core.ManagedFilter.doFilter(ManagedFilter.java:61)
2023-06-16 16:00:22,991 ERROR [stderr] (default task-9) 	at io.undertow.servlet@2.2.2.Final//io.undertow.servlet.handlers.FilterHandler$FilterChainImpl.doFilter(FilterHandler.java:131)
2023-06-16 16:00:22,991 ERROR [stderr] (default task-9) 	at io.undertow.servlet@2.2.2.Final//io.undertow.servlet.handlers.FilterHandler.handleRequest(FilterHandler.java:84)
2023-06-16 16:00:22,992 ERROR [stderr] (default task-9) 	at io.undertow.servlet@2.2.2.Final//io.undertow.servlet.handlers.security.ServletSecurityRoleHandler.handleRequest(ServletSecurityRoleHandler.java:62)
2023-06-16 16:00:22,992 ERROR [stderr] (default task-9) 	at io.undertow.servlet@2.2.2.Final//io.undertow.servlet.handlers.ServletChain$1.handleRequest(ServletChain.java:68)
2023-06-16 16:00:22,993 ERROR [stderr] (default task-9) 	at io.undertow.servlet@2.2.2.Final//io.undertow.servlet.handlers.ServletDispatchingHandler.handleRequest(ServletDispatchingHandler.java:36)
2023-06-16 16:00:22,993 ERROR [stderr] (default task-9) 	at org.wildfly.extension.undertow@21.0.1.Final//org.wildfly.extension.undertow.security.SecurityContextAssociationHandler.handleRequest(SecurityContextAssociationHandler.java:78)
2023-06-16 16:00:22,994 ERROR [stderr] (default task-9) 	at io.undertow.core@2.2.2.Final//io.undertow.server.handlers.PredicateHandler.handleRequest(PredicateHandler.java:43)
2023-06-16 16:00:22,995 ERROR [stderr] (default task-9) 	at io.undertow.servlet@2.2.2.Final//io.undertow.servlet.handlers.RedirectDirHandler.handleRequest(RedirectDirHandler.java:68)
2023-06-16 16:00:22,995 ERROR [stderr] (default task-9) 	at io.undertow.servlet@2.2.2.Final//io.undertow.servlet.handlers.security.SSLInformationAssociationHandler.handleRequest(SSLInformationAssociationHandler.java:132)
2023-06-16 16:00:22,996 ERROR [stderr] (default task-9) 	at io.undertow.servlet@2.2.2.Final//io.undertow.servlet.handlers.security.ServletAuthenticationCallHandler.handleRequest(ServletAuthenticationCallHandler.java:57)
2023-06-16 16:00:22,996 ERROR [stderr] (default task-9) 	at io.undertow.core@2.2.2.Final//io.undertow.server.handlers.PredicateHandler.handleRequest(PredicateHandler.java:43)
2023-06-16 16:00:22,997 ERROR [stderr] (default task-9) 	at io.undertow.core@2.2.2.Final//io.undertow.security.handlers.AbstractConfidentialityHandler.handleRequest(AbstractConfidentialityHandler.java:46)
2023-06-16 16:00:22,997 ERROR [stderr] (default task-9) 	at io.undertow.servlet@2.2.2.Final//io.undertow.servlet.handlers.security.ServletConfidentialityConstraintHandler.handleRequest(ServletConfidentialityConstraintHandler.java:64)
2023-06-16 16:00:22,998 ERROR [stderr] (default task-9) 	at io.undertow.core@2.2.2.Final//io.undertow.security.handlers.AuthenticationMechanismsHandler.handleRequest(AuthenticationMechanismsHandler.java:60)
2023-06-16 16:00:22,998 ERROR [stderr] (default task-9) 	at io.undertow.servlet@2.2.2.Final//io.undertow.servlet.handlers.security.CachedAuthenticatedSessionHandler.handleRequest(CachedAuthenticatedSessionHandler.java:77)
2023-06-16 16:00:22,999 ERROR [stderr] (default task-9) 	at io.undertow.core@2.2.2.Final//io.undertow.security.handlers.NotificationReceiverHandler.handleRequest(NotificationReceiverHandler.java:50)
2023-06-16 16:00:22,999 ERROR [stderr] (default task-9) 	at io.undertow.core@2.2.2.Final//io.undertow.security.handlers.AbstractSecurityContextAssociationHandler.handleRequest(AbstractSecurityContextAssociationHandler.java:43)
2023-06-16 16:00:23,000 ERROR [stderr] (default task-9) 	at io.undertow.core@2.2.2.Final//io.undertow.server.handlers.PredicateHandler.handleRequest(PredicateHandler.java:43)
2023-06-16 16:00:23,000 ERROR [stderr] (default task-9) 	at org.wildfly.extension.undertow@21.0.1.Final//org.wildfly.extension.undertow.security.jacc.JACCContextIdHandler.handleRequest(JACCContextIdHandler.java:61)
2023-06-16 16:00:23,000 ERROR [stderr] (default task-9) 	at io.undertow.core@2.2.2.Final//io.undertow.server.handlers.PredicateHandler.handleRequest(PredicateHandler.java:43)
2023-06-16 16:00:23,001 ERROR [stderr] (default task-9) 	at org.wildfly.extension.undertow@21.0.1.Final//org.wildfly.extension.undertow.deployment.GlobalRequestControllerHandler.handleRequest(GlobalRequestControllerHandler.java:68)
2023-06-16 16:00:23,001 ERROR [stderr] (default task-9) 	at io.undertow.servlet@2.2.2.Final//io.undertow.servlet.handlers.SendErrorPageHandler.handleRequest(SendErrorPageHandler.java:52)
2023-06-16 16:00:23,002 ERROR [stderr] (default task-9) 	at io.undertow.core@2.2.2.Final//io.undertow.server.handlers.PredicateHandler.handleRequest(PredicateHandler.java:43)
2023-06-16 16:00:23,002 ERROR [stderr] (default task-9) 	at io.undertow.servlet@2.2.2.Final//io.undertow.servlet.handlers.ServletInitialHandler.handleFirstRequest(ServletInitialHandler.java:269)
2023-06-16 16:00:23,002 ERROR [stderr] (default task-9) 	at io.undertow.servlet@2.2.2.Final//io.undertow.servlet.handlers.ServletInitialHandler.access$100(ServletInitialHandler.java:78)
2023-06-16 16:00:23,003 ERROR [stderr] (default task-9) 	at io.undertow.servlet@2.2.2.Final//io.undertow.servlet.handlers.ServletInitialHandler$2.call(ServletInitialHandler.java:133)
2023-06-16 16:00:23,003 ERROR [stderr] (default task-9) 	at io.undertow.servlet@2.2.2.Final//io.undertow.servlet.handlers.ServletInitialHandler$2.call(ServletInitialHandler.java:130)
2023-06-16 16:00:23,004 ERROR [stderr] (default task-9) 	at io.undertow.servlet@2.2.2.Final//io.undertow.servlet.core.ServletRequestContextThreadSetupAction$1.call(ServletRequestContextThreadSetupAction.java:48)
2023-06-16 16:00:23,004 ERROR [stderr] (default task-9) 	at io.undertow.servlet@2.2.2.Final//io.undertow.servlet.core.ContextClassLoaderSetupAction$1.call(ContextClassLoaderSetupAction.java:43)
2023-06-16 16:00:23,005 ERROR [stderr] (default task-9) 	at org.wildfly.extension.undertow@21.0.1.Final//org.wildfly.extension.undertow.security.SecurityContextThreadSetupAction.lambda$create$0(SecurityContextThreadSetupAction.java:105)
2023-06-16 16:00:23,005 ERROR [stderr] (default task-9) 	at org.wildfly.extension.undertow@21.0.1.Final//org.wildfly.extension.undertow.deployment.UndertowDeploymentInfoService$UndertowThreadSetupAction.lambda$create$0(UndertowDeploymentInfoService.java:1530)
2023-06-16 16:00:23,006 ERROR [stderr] (default task-9) 	at org.wildfly.extension.undertow@21.0.1.Final//org.wildfly.extension.undertow.deployment.UndertowDeploymentInfoService$UndertowThreadSetupAction.lambda$create$0(UndertowDeploymentInfoService.java:1530)
2023-06-16 16:00:23,006 ERROR [stderr] (default task-9) 	at org.wildfly.extension.undertow@21.0.1.Final//org.wildfly.extension.undertow.deployment.UndertowDeploymentInfoService$UndertowThreadSetupAction.lambda$create$0(UndertowDeploymentInfoService.java:1530)
2023-06-16 16:00:23,007 ERROR [stderr] (default task-9) 	at org.wildfly.extension.undertow@21.0.1.Final//org.wildfly.extension.undertow.deployment.UndertowDeploymentInfoService$UndertowThreadSetupAction.lambda$create$0(UndertowDeploymentInfoService.java:1530)
2023-06-16 16:00:23,007 ERROR [stderr] (default task-9) 	at io.undertow.servlet@2.2.2.Final//io.undertow.servlet.handlers.ServletInitialHandler.dispatchRequest(ServletInitialHandler.java:249)
2023-06-16 16:00:23,007 ERROR [stderr] (default task-9) 	at io.undertow.servlet@2.2.2.Final//io.undertow.servlet.handlers.ServletInitialHandler.access$000(ServletInitialHandler.java:78)
2023-06-16 16:00:23,008 ERROR [stderr] (default task-9) 	at io.undertow.servlet@2.2.2.Final//io.undertow.servlet.handlers.ServletInitialHandler$1.handleRequest(ServletInitialHandler.java:99)
2023-06-16 16:00:23,008 ERROR [stderr] (default task-9) 	at io.undertow.core@2.2.2.Final//io.undertow.server.Connectors.executeRootHandler(Connectors.java:387)
2023-06-16 16:00:23,008 ERROR [stderr] (default task-9) 	at io.undertow.core@2.2.2.Final//io.undertow.server.HttpServerExchange$1.run(HttpServerExchange.java:841)
2023-06-16 16:00:23,009 ERROR [stderr] (default task-9) 	at org.jboss.threads@2.4.0.Final//org.jboss.threads.ContextClassLoaderSavingRunnable.run(ContextClassLoaderSavingRunnable.java:35)
2023-06-16 16:00:23,009 ERROR [stderr] (default task-9) 	at org.jboss.threads@2.4.0.Final//org.jboss.threads.EnhancedQueueExecutor.safeRun(EnhancedQueueExecutor.java:1990)
2023-06-16 16:00:23,010 ERROR [stderr] (default task-9) 	at org.jboss.threads@2.4.0.Final//org.jboss.threads.EnhancedQueueExecutor$ThreadBody.doRunTask(EnhancedQueueExecutor.java:1486)
2023-06-16 16:00:23,011 ERROR [stderr] (default task-9) 	at org.jboss.threads@2.4.0.Final//org.jboss.threads.EnhancedQueueExecutor$ThreadBody.run(EnhancedQueueExecutor.java:1377)
2023-06-16 16:00:23,011 ERROR [stderr] (default task-9) 	at org.jboss.xnio@3.8.2.Final//org.xnio.XnioWorker$WorkerThreadFactory$1$1.run(XnioWorker.java:1280)
2023-06-16 16:00:23,011 ERROR [stderr] (default task-9) 	at java.base/java.lang.Thread.run(Thread.java:829)
2023-06-16 16:00:23,028 WARN  [org.keycloak.events] (default task-9) type=LOGIN_ERROR, realmId=mooc-app, clientId=mooc-app-PKCE-client, userId=null, ipAddress=127.0.0.1, error=user_not_found, auth_method=openid-connect, auth_type=code, redirect_uri=http://localhost:4200/AuthCodeReader, code_id=36150a95-9a46-41f0-977f-94a0c1076f1a, username=jinadmin, authSessionParentId=36150a95-9a46-41f0-977f-94a0c1076f1a, authSessionTabId=soKA5ItYI-g
2023-06-16 16:00:28,192 INFO  [stdout] (default task-9) body: null
2023-06-16 16:00:28,193 INFO  [stdout] (default task-9) body: {"id":0,"email":"student1@gmail.com","password":"student1","userType":null,"lessonId":null,"name":null,"interests":null}
2023-06-16 16:00:28,216 INFO  [stdout] (default task-9) response (POST http://localhost:8082/application_user/get/usingEmail/student1@gmail.com/verifyPassword/spi) 200
2023-06-16 16:00:28,217 INFO  [stdout] (default task-9) response.body() true
2023-06-16 16:00:28,217 INFO  [stdout] (default task-9) response.statusCode() 200
2023-06-16 16:00:28,218 INFO  [stdout] (default task-9) result: com.appsdeveloperblog.keycloak.VerifyPasswordResponse@342d8a73
2023-06-16 16:03:32,252 INFO  [stdout] (default task-9) body: null
2023-06-16 16:03:32,254 INFO  [stdout] (default task-9) body: {"id":0,"email":"student1@gmail.com","password":"student1","userType":null,"lessonId":null,"name":null,"interests":null}
2023-06-16 16:03:32,283 INFO  [stdout] (default task-9) response (POST http://localhost:8082/application_user/get/usingEmail/student1@gmail.com/verifyPassword/spi) 200
2023-06-16 16:03:32,283 INFO  [stdout] (default task-9) response.body() true
2023-06-16 16:03:32,284 INFO  [stdout] (default task-9) response.statusCode() 200
2023-06-16 16:03:32,284 INFO  [stdout] (default task-9) result: com.appsdeveloperblog.keycloak.VerifyPasswordResponse@a54e876
2023-06-16 17:15:56,757 WARN  [org.keycloak.events] (default task-2) type=REFRESH_TOKEN_ERROR, realmId=master, clientId=security-admin-console, userId=null, ipAddress=127.0.0.1, error=invalid_token, grant_type=refresh_token, client_auth_method=client-secret
2023-06-16 17:17:56,074 INFO  [org.jboss.as.server] (Thread-1) WFLYSRV0272: Suspending server
2023-06-16 17:17:56,086 INFO  [org.jboss.as.ejb3] (Thread-1) WFLYEJB0493: EJB subsystem suspension complete
2023-06-16 17:17:56,092 INFO  [org.jboss.as.server] (Thread-1) WFLYSRV0220: Server shutdown has been requested via an OS signal
2023-06-16 17:17:56,109 INFO  [org.wildfly.extension.undertow] (ServerService Thread Pool -- 67) WFLYUT0022: Unregistered web context: '/auth' from server 'default-server'
2023-06-16 17:17:56,114 INFO  [org.jboss.as.connector.subsystems.datasources] (MSC service thread 1-1) WFLYJCA0010: Unbound data source [java:jboss/datasources/KeycloakDS]
2023-06-16 17:17:56,116 INFO  [org.jboss.as.mail.extension] (MSC service thread 1-3) WFLYMAIL0002: Unbound mail session [java:jboss/mail/Default]
2023-06-16 17:17:56,116 INFO  [org.wildfly.extension.undertow] (MSC service thread 1-7) WFLYUT0008: Undertow HTTPS listener https suspending
2023-06-16 17:17:56,126 INFO  [org.wildfly.extension.undertow] (MSC service thread 1-7) WFLYUT0007: Undertow HTTPS listener https stopped, was bound to 127.0.0.1:8443
2023-06-16 17:17:56,135 INFO  [org.keycloak.subsystem.server.extension.KeycloakProviderDeploymentProcessor] (MSC service thread 1-1) Undeploying Keycloak provider: sql-remote-user-storage-provider.jar
2023-06-16 17:17:56,135 INFO  [org.keycloak.subsystem.server.extension.KeycloakProviderDeploymentProcessor] (MSC service thread 1-3) Undeploying Keycloak provider: -unedited-3.jar
2023-06-16 17:17:56,135 INFO  [org.jboss.as.connector.subsystems.datasources] (MSC service thread 1-6) WFLYJCA0010: Unbound data source [java:jboss/datasources/ExampleDS]
2023-06-16 17:17:56,139 INFO  [org.wildfly.extension.undertow] (MSC service thread 1-8) WFLYUT0019: Host default-host stopping
2023-06-16 17:17:56,151 INFO  [org.jboss.as.clustering.infinispan] (ServerService Thread Pool -- 73) WFLYCLINF0003: Stopped loginFailures cache from keycloak container
2023-06-16 17:17:56,151 INFO  [org.jboss.as.clustering.infinispan] (ServerService Thread Pool -- 71) WFLYCLINF0003: Stopped sessions cache from keycloak container
2023-06-16 17:17:56,151 INFO  [org.jboss.as.clustering.infinispan] (ServerService Thread Pool -- 80) WFLYCLINF0003: Stopped offlineSessions cache from keycloak container
2023-06-16 17:17:56,151 INFO  [org.jboss.as.clustering.infinispan] (ServerService Thread Pool -- 78) WFLYCLINF0003: Stopped authenticationSessions cache from keycloak container
2023-06-16 17:17:56,151 INFO  [org.jboss.as.clustering.infinispan] (ServerService Thread Pool -- 77) WFLYCLINF0003: Stopped work cache from keycloak container
2023-06-16 17:17:56,155 INFO  [org.jboss.as.clustering.infinispan] (ServerService Thread Pool -- 79) WFLYCLINF0003: Stopped clientSessions cache from keycloak container
2023-06-16 17:17:56,155 INFO  [org.jboss.as.clustering.infinispan] (ServerService Thread Pool -- 75) WFLYCLINF0003: Stopped actionTokens cache from keycloak container
2023-06-16 17:17:56,157 INFO  [org.jboss.as.clustering.infinispan] (ServerService Thread Pool -- 83) WFLYCLINF0003: Stopped keys cache from keycloak container
2023-06-16 17:17:56,157 INFO  [org.jboss.as.clustering.infinispan] (ServerService Thread Pool -- 81) WFLYCLINF0003: Stopped offlineClientSessions cache from keycloak container
2023-06-16 17:17:56,164 INFO  [org.jboss.as.server.deployment] (MSC service thread 1-7) WFLYSRV0028: Stopped deployment keycloak-server.war (runtime-name: keycloak-server.war) in 62ms
2023-06-16 17:17:56,168 INFO  [org.jboss.as.clustering.infinispan] (ServerService Thread Pool -- 67) WFLYCLINF0003: Stopped authorization cache from keycloak container
2023-06-16 17:17:56,168 INFO  [org.jboss.as.clustering.infinispan] (ServerService Thread Pool -- 82) WFLYCLINF0003: Stopped users cache from keycloak container
2023-06-16 17:17:56,169 INFO  [org.jboss.as.clustering.infinispan] (ServerService Thread Pool -- 76) WFLYCLINF0003: Stopped realms cache from keycloak container
2023-06-16 17:17:56,172 INFO  [org.jboss.as.connector.deployers.jdbc] (MSC service thread 1-1) WFLYJCA0019: Stopped Driver service with driver-name = h2
2023-06-16 17:17:56,173 INFO  [org.wildfly.extension.undertow] (MSC service thread 1-2) WFLYUT0008: Undertow HTTP listener default suspending
2023-06-16 17:17:56,173 INFO  [org.jboss.as.server.deployment] (MSC service thread 1-5) WFLYSRV0028: Stopped deployment -unedited-3.jar (runtime-name: -unedited-3.jar) in 66ms
2023-06-16 17:17:56,174 INFO  [org.jboss.as.server.deployment] (MSC service thread 1-3) WFLYSRV0028: Stopped deployment sql-remote-user-storage-provider.jar (runtime-name: sql-remote-user-storage-provider.jar) in 67ms
2023-06-16 17:17:56,174 INFO  [org.jboss.as.clustering.infinispan] (ServerService Thread Pool -- 79) WFLYCLINF0003: Stopped http-remoting-connector cache from ejb container
2023-06-16 17:17:56,180 INFO  [org.infinispan.manager.DefaultCacheManager] (ServerService Thread Pool -- 67) Stopping cache manager null on null
2023-06-16 17:17:56,184 INFO  [org.infinispan.manager.DefaultCacheManager] (ServerService Thread Pool -- 79) Stopping cache manager null on null
2023-06-16 17:17:56,189 INFO  [org.wildfly.extension.undertow] (MSC service thread 1-2) WFLYUT0007: Undertow HTTP listener default stopped, was bound to 127.0.0.1:8080
2023-06-16 17:17:56,192 INFO  [org.wildfly.extension.undertow] (MSC service thread 1-5) WFLYUT0004: Undertow 2.2.2.Final stopping
2023-06-16 17:17:56,204 INFO  [org.jboss.as] (MSC service thread 1-3) WFLYSRV0050: Keycloak 12.0.0 (WildFly Core 13.0.3.Final) stopped in 102ms
